2024-10-22 23:52:33,257 INFO Migrations set up successfully: /home/frank/eazy_manage_backend/./app.py 68
2024-10-22 23:52:33,422 INFO Blueprints registered successfully: /home/frank/eazy_manage_backend/./app.py 76
2024-10-22 23:52:33,422 INFO Mail service setup successfully: /home/frank/eazy_manage_backend/./app.py 89
2024-10-22 23:52:33,422 INFO App created successfully: /home/frank/eazy_manage_backend/./app.py 99
2024-10-22 23:53:16,762 INFO Logging setup successfully: /home/frank/eazy_manage_backend/./app.py 43
2024-10-22 23:53:16,763 INFO DataBase set up successfully: /home/frank/eazy_manage_backend/./app.py 55
2024-10-22 23:53:16,945 INFO database set up successfully: /home/frank/eazy_manage_backend/./app.py 60
2024-10-22 23:53:16,954 INFO Migrations set up successfully: /home/frank/eazy_manage_backend/./app.py 68
2024-10-22 23:53:16,985 INFO Blueprints registered successfully: /home/frank/eazy_manage_backend/./app.py 76
2024-10-22 23:53:16,986 INFO Mail service setup successfully: /home/frank/eazy_manage_backend/./app.py 89
2024-10-22 23:53:16,987 INFO App created successfully: /home/frank/eazy_manage_backend/./app.py 99
2024-10-22 23:53:41,626 WARNING Error fetching tasks: /home/frank/eazy_manage_backend/api/v1/routes/tasks.py 61
Traceback (most recent call last):
  File "/home/frank/eazy_manage_backend/api/v1/routes/tasks.py", line 42, in get_tasks
    and_(Tasks.ended >= from_date, Tasks.ended <= to_date))\
  File "/home/frank/.local/lib/python3.10/site-packages/sqlalchemy/sql/operators.py", line 637, in __ge__
    return self.operate(ge, other)
  File "/home/frank/.local/lib/python3.10/site-packages/sqlalchemy/orm/attributes.py", line 453, in operate
    return op(self.comparator, *other, **kwargs)  # type: ignore[no-any-return]  # noqa: E501
  File "/home/frank/.local/lib/python3.10/site-packages/sqlalchemy/sql/operators.py", line 637, in __ge__
    return self.operate(ge, other)
  File "/home/frank/.local/lib/python3.10/site-packages/sqlalchemy/orm/properties.py", line 478, in operate
    return op(self.__clause_element__(), *other, **kwargs)  # type: ignore[no-any-return]  # noqa: E501
  File "/home/frank/.local/lib/python3.10/site-packages/sqlalchemy/sql/operators.py", line 637, in __ge__
    return self.operate(ge, other)
  File "/home/frank/.local/lib/python3.10/site-packages/sqlalchemy/sql/elements.py", line 1511, in operate
    return op(self.comparator, *other, **kwargs)  # type: ignore[no-any-return]  # noqa: E501
  File "/home/frank/.local/lib/python3.10/site-packages/sqlalchemy/sql/operators.py", line 637, in __ge__
    return self.operate(ge, other)
  File "/home/frank/.local/lib/python3.10/site-packages/sqlalchemy/sql/type_api.py", line 194, in operate
    return op_fn(self.expr, op, *other, **addtl_kw)
  File "/home/frank/.local/lib/python3.10/site-packages/sqlalchemy/sql/default_comparator.py", line 115, in _boolean_compare
    raise exc.ArgumentError(
sqlalchemy.exc.ArgumentError: Only '=', '!=', 'is_()', 'is_not()', 'is_distinct_from()', 'is_not_distinct_from()' operators can be used with None/True/False
2024-10-22 23:57:18,489 WARNING Error fetching tasks: /home/frank/eazy_manage_backend/api/v1/routes/tasks.py 61
Traceback (most recent call last):
  File "/home/frank/eazy_manage_backend/api/v1/routes/tasks.py", line 42, in get_tasks
    and_(Tasks.ended >= from_date, Tasks.ended <= to_date))\
  File "/home/frank/.local/lib/python3.10/site-packages/sqlalchemy/sql/operators.py", line 637, in __ge__
    return self.operate(ge, other)
  File "/home/frank/.local/lib/python3.10/site-packages/sqlalchemy/orm/attributes.py", line 453, in operate
    return op(self.comparator, *other, **kwargs)  # type: ignore[no-any-return]  # noqa: E501
  File "/home/frank/.local/lib/python3.10/site-packages/sqlalchemy/sql/operators.py", line 637, in __ge__
    return self.operate(ge, other)
  File "/home/frank/.local/lib/python3.10/site-packages/sqlalchemy/orm/properties.py", line 478, in operate
    return op(self.__clause_element__(), *other, **kwargs)  # type: ignore[no-any-return]  # noqa: E501
  File "/home/frank/.local/lib/python3.10/site-packages/sqlalchemy/sql/operators.py", line 637, in __ge__
    return self.operate(ge, other)
  File "/home/frank/.local/lib/python3.10/site-packages/sqlalchemy/sql/elements.py", line 1511, in operate
    return op(self.comparator, *other, **kwargs)  # type: ignore[no-any-return]  # noqa: E501
  File "/home/frank/.local/lib/python3.10/site-packages/sqlalchemy/sql/operators.py", line 637, in __ge__
    return self.operate(ge, other)
  File "/home/frank/.local/lib/python3.10/site-packages/sqlalchemy/sql/type_api.py", line 194, in operate
    return op_fn(self.expr, op, *other, **addtl_kw)
  File "/home/frank/.local/lib/python3.10/site-packages/sqlalchemy/sql/default_comparator.py", line 115, in _boolean_compare
    raise exc.ArgumentError(
sqlalchemy.exc.ArgumentError: Only '=', '!=', 'is_()', 'is_not()', 'is_distinct_from()', 'is_not_distinct_from()' operators can be used with None/True/False
2024-10-22 23:57:23,278 WARNING Error fetching tasks: /home/frank/eazy_manage_backend/api/v1/routes/tasks.py 61
Traceback (most recent call last):
  File "/home/frank/eazy_manage_backend/api/v1/routes/tasks.py", line 42, in get_tasks
    and_(Tasks.ended >= from_date, Tasks.ended <= to_date))\
  File "/home/frank/.local/lib/python3.10/site-packages/sqlalchemy/sql/operators.py", line 637, in __ge__
    return self.operate(ge, other)
  File "/home/frank/.local/lib/python3.10/site-packages/sqlalchemy/orm/attributes.py", line 453, in operate
    return op(self.comparator, *other, **kwargs)  # type: ignore[no-any-return]  # noqa: E501
  File "/home/frank/.local/lib/python3.10/site-packages/sqlalchemy/sql/operators.py", line 637, in __ge__
    return self.operate(ge, other)
  File "/home/frank/.local/lib/python3.10/site-packages/sqlalchemy/orm/properties.py", line 478, in operate
    return op(self.__clause_element__(), *other, **kwargs)  # type: ignore[no-any-return]  # noqa: E501
  File "/home/frank/.local/lib/python3.10/site-packages/sqlalchemy/sql/operators.py", line 637, in __ge__
    return self.operate(ge, other)
  File "/home/frank/.local/lib/python3.10/site-packages/sqlalchemy/sql/elements.py", line 1511, in operate
    return op(self.comparator, *other, **kwargs)  # type: ignore[no-any-return]  # noqa: E501
  File "/home/frank/.local/lib/python3.10/site-packages/sqlalchemy/sql/operators.py", line 637, in __ge__
    return self.operate(ge, other)
  File "/home/frank/.local/lib/python3.10/site-packages/sqlalchemy/sql/type_api.py", line 194, in operate
    return op_fn(self.expr, op, *other, **addtl_kw)
  File "/home/frank/.local/lib/python3.10/site-packages/sqlalchemy/sql/default_comparator.py", line 115, in _boolean_compare
    raise exc.ArgumentError(
sqlalchemy.exc.ArgumentError: Only '=', '!=', 'is_()', 'is_not()', 'is_distinct_from()', 'is_not_distinct_from()' operators can be used with None/True/False
2024-10-22 23:57:33,350 WARNING Error fetching tasks: /home/frank/eazy_manage_backend/api/v1/routes/tasks.py 61
Traceback (most recent call last):
  File "/home/frank/eazy_manage_backend/api/v1/routes/tasks.py", line 42, in get_tasks
    and_(Tasks.ended >= from_date, Tasks.ended <= to_date))\
  File "/home/frank/.local/lib/python3.10/site-packages/sqlalchemy/sql/operators.py", line 637, in __ge__
    return self.operate(ge, other)
  File "/home/frank/.local/lib/python3.10/site-packages/sqlalchemy/orm/attributes.py", line 453, in operate
    return op(self.comparator, *other, **kwargs)  # type: ignore[no-any-return]  # noqa: E501
  File "/home/frank/.local/lib/python3.10/site-packages/sqlalchemy/sql/operators.py", line 637, in __ge__
    return self.operate(ge, other)
  File "/home/frank/.local/lib/python3.10/site-packages/sqlalchemy/orm/properties.py", line 478, in operate
    return op(self.__clause_element__(), *other, **kwargs)  # type: ignore[no-any-return]  # noqa: E501
  File "/home/frank/.local/lib/python3.10/site-packages/sqlalchemy/sql/operators.py", line 637, in __ge__
    return self.operate(ge, other)
  File "/home/frank/.local/lib/python3.10/site-packages/sqlalchemy/sql/elements.py", line 1511, in operate
    return op(self.comparator, *other, **kwargs)  # type: ignore[no-any-return]  # noqa: E501
  File "/home/frank/.local/lib/python3.10/site-packages/sqlalchemy/sql/operators.py", line 637, in __ge__
    return self.operate(ge, other)
  File "/home/frank/.local/lib/python3.10/site-packages/sqlalchemy/sql/type_api.py", line 194, in operate
    return op_fn(self.expr, op, *other, **addtl_kw)
  File "/home/frank/.local/lib/python3.10/site-packages/sqlalchemy/sql/default_comparator.py", line 115, in _boolean_compare
    raise exc.ArgumentError(
sqlalchemy.exc.ArgumentError: Only '=', '!=', 'is_()', 'is_not()', 'is_distinct_from()', 'is_not_distinct_from()' operators can be used with None/True/False
2024-10-22 23:58:00,132 WARNING Error fetching tasks: /home/frank/eazy_manage_backend/api/v1/routes/tasks.py 61
Traceback (most recent call last):
  File "/home/frank/eazy_manage_backend/api/v1/routes/tasks.py", line 40, in get_tasks
    and_(Tasks.started >= from_date, Tasks.started <= to_date)
  File "/home/frank/.local/lib/python3.10/site-packages/sqlalchemy/sql/operators.py", line 637, in __ge__
    return self.operate(ge, other)
  File "/home/frank/.local/lib/python3.10/site-packages/sqlalchemy/orm/attributes.py", line 453, in operate
    return op(self.comparator, *other, **kwargs)  # type: ignore[no-any-return]  # noqa: E501
  File "/home/frank/.local/lib/python3.10/site-packages/sqlalchemy/sql/operators.py", line 637, in __ge__
    return self.operate(ge, other)
  File "/home/frank/.local/lib/python3.10/site-packages/sqlalchemy/orm/properties.py", line 478, in operate
    return op(self.__clause_element__(), *other, **kwargs)  # type: ignore[no-any-return]  # noqa: E501
  File "/home/frank/.local/lib/python3.10/site-packages/sqlalchemy/sql/operators.py", line 637, in __ge__
    return self.operate(ge, other)
  File "/home/frank/.local/lib/python3.10/site-packages/sqlalchemy/sql/elements.py", line 1511, in operate
    return op(self.comparator, *other, **kwargs)  # type: ignore[no-any-return]  # noqa: E501
  File "/home/frank/.local/lib/python3.10/site-packages/sqlalchemy/sql/operators.py", line 637, in __ge__
    return self.operate(ge, other)
  File "/home/frank/.local/lib/python3.10/site-packages/sqlalchemy/sql/type_api.py", line 194, in operate
    return op_fn(self.expr, op, *other, **addtl_kw)
  File "/home/frank/.local/lib/python3.10/site-packages/sqlalchemy/sql/default_comparator.py", line 115, in _boolean_compare
    raise exc.ArgumentError(
sqlalchemy.exc.ArgumentError: Only '=', '!=', 'is_()', 'is_not()', 'is_distinct_from()', 'is_not_distinct_from()' operators can be used with None/True/False
2024-10-22 23:58:17,958 WARNING Error fetching tasks: /home/frank/eazy_manage_backend/api/v1/routes/tasks.py 61
Traceback (most recent call last):
  File "/home/frank/eazy_manage_backend/api/v1/routes/tasks.py", line 40, in get_tasks
    and_(Tasks.started >= from_date, Tasks.started <= to_date)
  File "/home/frank/.local/lib/python3.10/site-packages/sqlalchemy/sql/operators.py", line 637, in __ge__
    return self.operate(ge, other)
  File "/home/frank/.local/lib/python3.10/site-packages/sqlalchemy/orm/attributes.py", line 453, in operate
    return op(self.comparator, *other, **kwargs)  # type: ignore[no-any-return]  # noqa: E501
  File "/home/frank/.local/lib/python3.10/site-packages/sqlalchemy/sql/operators.py", line 637, in __ge__
    return self.operate(ge, other)
  File "/home/frank/.local/lib/python3.10/site-packages/sqlalchemy/orm/properties.py", line 478, in operate
    return op(self.__clause_element__(), *other, **kwargs)  # type: ignore[no-any-return]  # noqa: E501
  File "/home/frank/.local/lib/python3.10/site-packages/sqlalchemy/sql/operators.py", line 637, in __ge__
    return self.operate(ge, other)
  File "/home/frank/.local/lib/python3.10/site-packages/sqlalchemy/sql/elements.py", line 1511, in operate
    return op(self.comparator, *other, **kwargs)  # type: ignore[no-any-return]  # noqa: E501
  File "/home/frank/.local/lib/python3.10/site-packages/sqlalchemy/sql/operators.py", line 637, in __ge__
    return self.operate(ge, other)
  File "/home/frank/.local/lib/python3.10/site-packages/sqlalchemy/sql/type_api.py", line 194, in operate
    return op_fn(self.expr, op, *other, **addtl_kw)
  File "/home/frank/.local/lib/python3.10/site-packages/sqlalchemy/sql/default_comparator.py", line 115, in _boolean_compare
    raise exc.ArgumentError(
sqlalchemy.exc.ArgumentError: Only '=', '!=', 'is_()', 'is_not()', 'is_distinct_from()', 'is_not_distinct_from()' operators can be used with None/True/False
2024-10-23 00:04:06,313 WARNING Error fetching tasks: /home/frank/eazy_manage_backend/api/v1/routes/tasks.py 61
Traceback (most recent call last):
  File "/home/frank/eazy_manage_backend/api/v1/routes/tasks.py", line 40, in get_tasks
    and_(Tasks.started >= from_date, Tasks.started <= to_date)
  File "/home/frank/.local/lib/python3.10/site-packages/sqlalchemy/sql/operators.py", line 637, in __ge__
    return self.operate(ge, other)
  File "/home/frank/.local/lib/python3.10/site-packages/sqlalchemy/orm/attributes.py", line 453, in operate
    return op(self.comparator, *other, **kwargs)  # type: ignore[no-any-return]  # noqa: E501
  File "/home/frank/.local/lib/python3.10/site-packages/sqlalchemy/sql/operators.py", line 637, in __ge__
    return self.operate(ge, other)
  File "/home/frank/.local/lib/python3.10/site-packages/sqlalchemy/orm/properties.py", line 478, in operate
    return op(self.__clause_element__(), *other, **kwargs)  # type: ignore[no-any-return]  # noqa: E501
  File "/home/frank/.local/lib/python3.10/site-packages/sqlalchemy/sql/operators.py", line 637, in __ge__
    return self.operate(ge, other)
  File "/home/frank/.local/lib/python3.10/site-packages/sqlalchemy/sql/elements.py", line 1511, in operate
    return op(self.comparator, *other, **kwargs)  # type: ignore[no-any-return]  # noqa: E501
  File "/home/frank/.local/lib/python3.10/site-packages/sqlalchemy/sql/operators.py", line 637, in __ge__
    return self.operate(ge, other)
  File "/home/frank/.local/lib/python3.10/site-packages/sqlalchemy/sql/type_api.py", line 194, in operate
    return op_fn(self.expr, op, *other, **addtl_kw)
  File "/home/frank/.local/lib/python3.10/site-packages/sqlalchemy/sql/default_comparator.py", line 115, in _boolean_compare
    raise exc.ArgumentError(
sqlalchemy.exc.ArgumentError: Only '=', '!=', 'is_()', 'is_not()', 'is_distinct_from()', 'is_not_distinct_from()' operators can be used with None/True/False
2024-10-23 00:04:09,261 WARNING Error fetching tasks: /home/frank/eazy_manage_backend/api/v1/routes/tasks.py 61
Traceback (most recent call last):
  File "/home/frank/eazy_manage_backend/api/v1/routes/tasks.py", line 40, in get_tasks
    and_(Tasks.started >= from_date, Tasks.started <= to_date)
  File "/home/frank/.local/lib/python3.10/site-packages/sqlalchemy/sql/operators.py", line 637, in __ge__
    return self.operate(ge, other)
  File "/home/frank/.local/lib/python3.10/site-packages/sqlalchemy/orm/attributes.py", line 453, in operate
    return op(self.comparator, *other, **kwargs)  # type: ignore[no-any-return]  # noqa: E501
  File "/home/frank/.local/lib/python3.10/site-packages/sqlalchemy/sql/operators.py", line 637, in __ge__
    return self.operate(ge, other)
  File "/home/frank/.local/lib/python3.10/site-packages/sqlalchemy/orm/properties.py", line 478, in operate
    return op(self.__clause_element__(), *other, **kwargs)  # type: ignore[no-any-return]  # noqa: E501
  File "/home/frank/.local/lib/python3.10/site-packages/sqlalchemy/sql/operators.py", line 637, in __ge__
    return self.operate(ge, other)
  File "/home/frank/.local/lib/python3.10/site-packages/sqlalchemy/sql/elements.py", line 1511, in operate
    return op(self.comparator, *other, **kwargs)  # type: ignore[no-any-return]  # noqa: E501
  File "/home/frank/.local/lib/python3.10/site-packages/sqlalchemy/sql/operators.py", line 637, in __ge__
    return self.operate(ge, other)
  File "/home/frank/.local/lib/python3.10/site-packages/sqlalchemy/sql/type_api.py", line 194, in operate
    return op_fn(self.expr, op, *other, **addtl_kw)
  File "/home/frank/.local/lib/python3.10/site-packages/sqlalchemy/sql/default_comparator.py", line 115, in _boolean_compare
    raise exc.ArgumentError(
sqlalchemy.exc.ArgumentError: Only '=', '!=', 'is_()', 'is_not()', 'is_distinct_from()', 'is_not_distinct_from()' operators can be used with None/True/False
2024-10-23 00:04:44,316 WARNING Error fetching tasks: /home/frank/eazy_manage_backend/api/v1/routes/tasks.py 61
Traceback (most recent call last):
  File "/home/frank/eazy_manage_backend/api/v1/routes/tasks.py", line 40, in get_tasks
    and_(Tasks.started >= from_date, Tasks.started <= to_date)
  File "/home/frank/.local/lib/python3.10/site-packages/sqlalchemy/sql/operators.py", line 637, in __ge__
    return self.operate(ge, other)
  File "/home/frank/.local/lib/python3.10/site-packages/sqlalchemy/orm/attributes.py", line 453, in operate
    return op(self.comparator, *other, **kwargs)  # type: ignore[no-any-return]  # noqa: E501
  File "/home/frank/.local/lib/python3.10/site-packages/sqlalchemy/sql/operators.py", line 637, in __ge__
    return self.operate(ge, other)
  File "/home/frank/.local/lib/python3.10/site-packages/sqlalchemy/orm/properties.py", line 478, in operate
    return op(self.__clause_element__(), *other, **kwargs)  # type: ignore[no-any-return]  # noqa: E501
  File "/home/frank/.local/lib/python3.10/site-packages/sqlalchemy/sql/operators.py", line 637, in __ge__
    return self.operate(ge, other)
  File "/home/frank/.local/lib/python3.10/site-packages/sqlalchemy/sql/elements.py", line 1511, in operate
    return op(self.comparator, *other, **kwargs)  # type: ignore[no-any-return]  # noqa: E501
  File "/home/frank/.local/lib/python3.10/site-packages/sqlalchemy/sql/operators.py", line 637, in __ge__
    return self.operate(ge, other)
  File "/home/frank/.local/lib/python3.10/site-packages/sqlalchemy/sql/type_api.py", line 194, in operate
    return op_fn(self.expr, op, *other, **addtl_kw)
  File "/home/frank/.local/lib/python3.10/site-packages/sqlalchemy/sql/default_comparator.py", line 115, in _boolean_compare
    raise exc.ArgumentError(
sqlalchemy.exc.ArgumentError: Only '=', '!=', 'is_()', 'is_not()', 'is_distinct_from()', 'is_not_distinct_from()' operators can be used with None/True/False
2024-10-23 00:12:31,033 WARNING Error fetching tasks: /home/frank/eazy_manage_backend/api/v1/routes/tasks.py 61
Traceback (most recent call last):
  File "/home/frank/eazy_manage_backend/api/v1/routes/tasks.py", line 40, in get_tasks
    and_(Tasks.started >= from_date, Tasks.started <= to_date)
  File "/home/frank/.local/lib/python3.10/site-packages/sqlalchemy/sql/operators.py", line 637, in __ge__
    return self.operate(ge, other)
  File "/home/frank/.local/lib/python3.10/site-packages/sqlalchemy/orm/attributes.py", line 453, in operate
    return op(self.comparator, *other, **kwargs)  # type: ignore[no-any-return]  # noqa: E501
  File "/home/frank/.local/lib/python3.10/site-packages/sqlalchemy/sql/operators.py", line 637, in __ge__
    return self.operate(ge, other)
  File "/home/frank/.local/lib/python3.10/site-packages/sqlalchemy/orm/properties.py", line 478, in operate
    return op(self.__clause_element__(), *other, **kwargs)  # type: ignore[no-any-return]  # noqa: E501
  File "/home/frank/.local/lib/python3.10/site-packages/sqlalchemy/sql/operators.py", line 637, in __ge__
    return self.operate(ge, other)
  File "/home/frank/.local/lib/python3.10/site-packages/sqlalchemy/sql/elements.py", line 1511, in operate
    return op(self.comparator, *other, **kwargs)  # type: ignore[no-any-return]  # noqa: E501
  File "/home/frank/.local/lib/python3.10/site-packages/sqlalchemy/sql/operators.py", line 637, in __ge__
    return self.operate(ge, other)
  File "/home/frank/.local/lib/python3.10/site-packages/sqlalchemy/sql/type_api.py", line 194, in operate
    return op_fn(self.expr, op, *other, **addtl_kw)
  File "/home/frank/.local/lib/python3.10/site-packages/sqlalchemy/sql/default_comparator.py", line 115, in _boolean_compare
    raise exc.ArgumentError(
sqlalchemy.exc.ArgumentError: Only '=', '!=', 'is_()', 'is_not()', 'is_distinct_from()', 'is_not_distinct_from()' operators can be used with None/True/False
2024-10-23 00:18:46,666 WARNING Error fetching tasks: /home/frank/eazy_manage_backend/api/v1/routes/tasks.py 61
Traceback (most recent call last):
  File "/home/frank/eazy_manage_backend/api/v1/routes/tasks.py", line 40, in get_tasks
    and_(Tasks.started >= from_date, Tasks.started <= to_date)
  File "/home/frank/.local/lib/python3.10/site-packages/sqlalchemy/sql/operators.py", line 637, in __ge__
    return self.operate(ge, other)
  File "/home/frank/.local/lib/python3.10/site-packages/sqlalchemy/orm/attributes.py", line 453, in operate
    return op(self.comparator, *other, **kwargs)  # type: ignore[no-any-return]  # noqa: E501
  File "/home/frank/.local/lib/python3.10/site-packages/sqlalchemy/sql/operators.py", line 637, in __ge__
    return self.operate(ge, other)
  File "/home/frank/.local/lib/python3.10/site-packages/sqlalchemy/orm/properties.py", line 478, in operate
    return op(self.__clause_element__(), *other, **kwargs)  # type: ignore[no-any-return]  # noqa: E501
  File "/home/frank/.local/lib/python3.10/site-packages/sqlalchemy/sql/operators.py", line 637, in __ge__
    return self.operate(ge, other)
  File "/home/frank/.local/lib/python3.10/site-packages/sqlalchemy/sql/elements.py", line 1511, in operate
    return op(self.comparator, *other, **kwargs)  # type: ignore[no-any-return]  # noqa: E501
  File "/home/frank/.local/lib/python3.10/site-packages/sqlalchemy/sql/operators.py", line 637, in __ge__
    return self.operate(ge, other)
  File "/home/frank/.local/lib/python3.10/site-packages/sqlalchemy/sql/type_api.py", line 194, in operate
    return op_fn(self.expr, op, *other, **addtl_kw)
  File "/home/frank/.local/lib/python3.10/site-packages/sqlalchemy/sql/default_comparator.py", line 115, in _boolean_compare
    raise exc.ArgumentError(
sqlalchemy.exc.ArgumentError: Only '=', '!=', 'is_()', 'is_not()', 'is_distinct_from()', 'is_not_distinct_from()' operators can be used with None/True/False
2024-10-23 00:18:55,451 WARNING Error fetching tasks: /home/frank/eazy_manage_backend/api/v1/routes/tasks.py 61
Traceback (most recent call last):
  File "/home/frank/eazy_manage_backend/api/v1/routes/tasks.py", line 40, in get_tasks
    and_(Tasks.started >= from_date, Tasks.started <= to_date)
  File "/home/frank/.local/lib/python3.10/site-packages/sqlalchemy/sql/operators.py", line 637, in __ge__
    return self.operate(ge, other)
  File "/home/frank/.local/lib/python3.10/site-packages/sqlalchemy/orm/attributes.py", line 453, in operate
    return op(self.comparator, *other, **kwargs)  # type: ignore[no-any-return]  # noqa: E501
  File "/home/frank/.local/lib/python3.10/site-packages/sqlalchemy/sql/operators.py", line 637, in __ge__
    return self.operate(ge, other)
  File "/home/frank/.local/lib/python3.10/site-packages/sqlalchemy/orm/properties.py", line 478, in operate
    return op(self.__clause_element__(), *other, **kwargs)  # type: ignore[no-any-return]  # noqa: E501
  File "/home/frank/.local/lib/python3.10/site-packages/sqlalchemy/sql/operators.py", line 637, in __ge__
    return self.operate(ge, other)
  File "/home/frank/.local/lib/python3.10/site-packages/sqlalchemy/sql/elements.py", line 1511, in operate
    return op(self.comparator, *other, **kwargs)  # type: ignore[no-any-return]  # noqa: E501
  File "/home/frank/.local/lib/python3.10/site-packages/sqlalchemy/sql/operators.py", line 637, in __ge__
    return self.operate(ge, other)
  File "/home/frank/.local/lib/python3.10/site-packages/sqlalchemy/sql/type_api.py", line 194, in operate
    return op_fn(self.expr, op, *other, **addtl_kw)
  File "/home/frank/.local/lib/python3.10/site-packages/sqlalchemy/sql/default_comparator.py", line 115, in _boolean_compare
    raise exc.ArgumentError(
sqlalchemy.exc.ArgumentError: Only '=', '!=', 'is_()', 'is_not()', 'is_distinct_from()', 'is_not_distinct_from()' operators can be used with None/True/False
2024-10-23 00:20:57,268 WARNING Error fetching tasks: /home/frank/eazy_manage_backend/api/v1/routes/tasks.py 61
Traceback (most recent call last):
  File "/home/frank/eazy_manage_backend/api/v1/routes/tasks.py", line 40, in get_tasks
    and_(Tasks.started >= from_date, Tasks.started <= to_date)
  File "/home/frank/.local/lib/python3.10/site-packages/sqlalchemy/sql/operators.py", line 637, in __ge__
    return self.operate(ge, other)
  File "/home/frank/.local/lib/python3.10/site-packages/sqlalchemy/orm/attributes.py", line 453, in operate
    return op(self.comparator, *other, **kwargs)  # type: ignore[no-any-return]  # noqa: E501
  File "/home/frank/.local/lib/python3.10/site-packages/sqlalchemy/sql/operators.py", line 637, in __ge__
    return self.operate(ge, other)
  File "/home/frank/.local/lib/python3.10/site-packages/sqlalchemy/orm/properties.py", line 478, in operate
    return op(self.__clause_element__(), *other, **kwargs)  # type: ignore[no-any-return]  # noqa: E501
  File "/home/frank/.local/lib/python3.10/site-packages/sqlalchemy/sql/operators.py", line 637, in __ge__
    return self.operate(ge, other)
  File "/home/frank/.local/lib/python3.10/site-packages/sqlalchemy/sql/elements.py", line 1511, in operate
    return op(self.comparator, *other, **kwargs)  # type: ignore[no-any-return]  # noqa: E501
  File "/home/frank/.local/lib/python3.10/site-packages/sqlalchemy/sql/operators.py", line 637, in __ge__
    return self.operate(ge, other)
  File "/home/frank/.local/lib/python3.10/site-packages/sqlalchemy/sql/type_api.py", line 194, in operate
    return op_fn(self.expr, op, *other, **addtl_kw)
  File "/home/frank/.local/lib/python3.10/site-packages/sqlalchemy/sql/default_comparator.py", line 115, in _boolean_compare
    raise exc.ArgumentError(
sqlalchemy.exc.ArgumentError: Only '=', '!=', 'is_()', 'is_not()', 'is_distinct_from()', 'is_not_distinct_from()' operators can be used with None/True/False
2024-10-23 00:22:33,555 WARNING Error fetching tasks: /home/frank/eazy_manage_backend/api/v1/routes/tasks.py 61
Traceback (most recent call last):
  File "/home/frank/eazy_manage_backend/api/v1/routes/tasks.py", line 40, in get_tasks
    and_(Tasks.started >= from_date, Tasks.started <= to_date)
  File "/home/frank/.local/lib/python3.10/site-packages/sqlalchemy/sql/operators.py", line 637, in __ge__
    return self.operate(ge, other)
  File "/home/frank/.local/lib/python3.10/site-packages/sqlalchemy/orm/attributes.py", line 453, in operate
    return op(self.comparator, *other, **kwargs)  # type: ignore[no-any-return]  # noqa: E501
  File "/home/frank/.local/lib/python3.10/site-packages/sqlalchemy/sql/operators.py", line 637, in __ge__
    return self.operate(ge, other)
  File "/home/frank/.local/lib/python3.10/site-packages/sqlalchemy/orm/properties.py", line 478, in operate
    return op(self.__clause_element__(), *other, **kwargs)  # type: ignore[no-any-return]  # noqa: E501
  File "/home/frank/.local/lib/python3.10/site-packages/sqlalchemy/sql/operators.py", line 637, in __ge__
    return self.operate(ge, other)
  File "/home/frank/.local/lib/python3.10/site-packages/sqlalchemy/sql/elements.py", line 1511, in operate
    return op(self.comparator, *other, **kwargs)  # type: ignore[no-any-return]  # noqa: E501
  File "/home/frank/.local/lib/python3.10/site-packages/sqlalchemy/sql/operators.py", line 637, in __ge__
    return self.operate(ge, other)
  File "/home/frank/.local/lib/python3.10/site-packages/sqlalchemy/sql/type_api.py", line 194, in operate
    return op_fn(self.expr, op, *other, **addtl_kw)
  File "/home/frank/.local/lib/python3.10/site-packages/sqlalchemy/sql/default_comparator.py", line 115, in _boolean_compare
    raise exc.ArgumentError(
sqlalchemy.exc.ArgumentError: Only '=', '!=', 'is_()', 'is_not()', 'is_distinct_from()', 'is_not_distinct_from()' operators can be used with None/True/False
2024-10-23 00:23:10,962 WARNING Error fetching tasks: /home/frank/eazy_manage_backend/api/v1/routes/tasks.py 61
Traceback (most recent call last):
  File "/home/frank/eazy_manage_backend/api/v1/routes/tasks.py", line 40, in get_tasks
    and_(Tasks.started >= from_date, Tasks.started <= to_date)
  File "/home/frank/.local/lib/python3.10/site-packages/sqlalchemy/sql/operators.py", line 637, in __ge__
    return self.operate(ge, other)
  File "/home/frank/.local/lib/python3.10/site-packages/sqlalchemy/orm/attributes.py", line 453, in operate
    return op(self.comparator, *other, **kwargs)  # type: ignore[no-any-return]  # noqa: E501
  File "/home/frank/.local/lib/python3.10/site-packages/sqlalchemy/sql/operators.py", line 637, in __ge__
    return self.operate(ge, other)
  File "/home/frank/.local/lib/python3.10/site-packages/sqlalchemy/orm/properties.py", line 478, in operate
    return op(self.__clause_element__(), *other, **kwargs)  # type: ignore[no-any-return]  # noqa: E501
  File "/home/frank/.local/lib/python3.10/site-packages/sqlalchemy/sql/operators.py", line 637, in __ge__
    return self.operate(ge, other)
  File "/home/frank/.local/lib/python3.10/site-packages/sqlalchemy/sql/elements.py", line 1511, in operate
    return op(self.comparator, *other, **kwargs)  # type: ignore[no-any-return]  # noqa: E501
  File "/home/frank/.local/lib/python3.10/site-packages/sqlalchemy/sql/operators.py", line 637, in __ge__
    return self.operate(ge, other)
  File "/home/frank/.local/lib/python3.10/site-packages/sqlalchemy/sql/type_api.py", line 194, in operate
    return op_fn(self.expr, op, *other, **addtl_kw)
  File "/home/frank/.local/lib/python3.10/site-packages/sqlalchemy/sql/default_comparator.py", line 115, in _boolean_compare
    raise exc.ArgumentError(
sqlalchemy.exc.ArgumentError: Only '=', '!=', 'is_()', 'is_not()', 'is_distinct_from()', 'is_not_distinct_from()' operators can be used with None/True/False
2024-10-23 00:28:49,325 WARNING Error fetching tasks: /home/frank/eazy_manage_backend/api/v1/routes/tasks.py 61
Traceback (most recent call last):
  File "/home/frank/eazy_manage_backend/api/v1/routes/tasks.py", line 40, in get_tasks
    and_(Tasks.started >= from_date, Tasks.started <= to_date)
  File "/home/frank/.local/lib/python3.10/site-packages/sqlalchemy/sql/operators.py", line 637, in __ge__
    return self.operate(ge, other)
  File "/home/frank/.local/lib/python3.10/site-packages/sqlalchemy/orm/attributes.py", line 453, in operate
    return op(self.comparator, *other, **kwargs)  # type: ignore[no-any-return]  # noqa: E501
  File "/home/frank/.local/lib/python3.10/site-packages/sqlalchemy/sql/operators.py", line 637, in __ge__
    return self.operate(ge, other)
  File "/home/frank/.local/lib/python3.10/site-packages/sqlalchemy/orm/properties.py", line 478, in operate
    return op(self.__clause_element__(), *other, **kwargs)  # type: ignore[no-any-return]  # noqa: E501
  File "/home/frank/.local/lib/python3.10/site-packages/sqlalchemy/sql/operators.py", line 637, in __ge__
    return self.operate(ge, other)
  File "/home/frank/.local/lib/python3.10/site-packages/sqlalchemy/sql/elements.py", line 1511, in operate
    return op(self.comparator, *other, **kwargs)  # type: ignore[no-any-return]  # noqa: E501
  File "/home/frank/.local/lib/python3.10/site-packages/sqlalchemy/sql/operators.py", line 637, in __ge__
    return self.operate(ge, other)
  File "/home/frank/.local/lib/python3.10/site-packages/sqlalchemy/sql/type_api.py", line 194, in operate
    return op_fn(self.expr, op, *other, **addtl_kw)
  File "/home/frank/.local/lib/python3.10/site-packages/sqlalchemy/sql/default_comparator.py", line 115, in _boolean_compare
    raise exc.ArgumentError(
sqlalchemy.exc.ArgumentError: Only '=', '!=', 'is_()', 'is_not()', 'is_distinct_from()', 'is_not_distinct_from()' operators can be used with None/True/False
2024-10-23 00:30:25,396 WARNING Error fetching tasks: /home/frank/eazy_manage_backend/api/v1/routes/tasks.py 61
Traceback (most recent call last):
  File "/home/frank/eazy_manage_backend/api/v1/routes/tasks.py", line 40, in get_tasks
    and_(Tasks.started >= from_date, Tasks.started <= to_date)
  File "/home/frank/.local/lib/python3.10/site-packages/sqlalchemy/sql/operators.py", line 637, in __ge__
    return self.operate(ge, other)
  File "/home/frank/.local/lib/python3.10/site-packages/sqlalchemy/orm/attributes.py", line 453, in operate
    return op(self.comparator, *other, **kwargs)  # type: ignore[no-any-return]  # noqa: E501
  File "/home/frank/.local/lib/python3.10/site-packages/sqlalchemy/sql/operators.py", line 637, in __ge__
    return self.operate(ge, other)
  File "/home/frank/.local/lib/python3.10/site-packages/sqlalchemy/orm/properties.py", line 478, in operate
    return op(self.__clause_element__(), *other, **kwargs)  # type: ignore[no-any-return]  # noqa: E501
  File "/home/frank/.local/lib/python3.10/site-packages/sqlalchemy/sql/operators.py", line 637, in __ge__
    return self.operate(ge, other)
  File "/home/frank/.local/lib/python3.10/site-packages/sqlalchemy/sql/elements.py", line 1511, in operate
    return op(self.comparator, *other, **kwargs)  # type: ignore[no-any-return]  # noqa: E501
  File "/home/frank/.local/lib/python3.10/site-packages/sqlalchemy/sql/operators.py", line 637, in __ge__
    return self.operate(ge, other)
  File "/home/frank/.local/lib/python3.10/site-packages/sqlalchemy/sql/type_api.py", line 194, in operate
    return op_fn(self.expr, op, *other, **addtl_kw)
  File "/home/frank/.local/lib/python3.10/site-packages/sqlalchemy/sql/default_comparator.py", line 115, in _boolean_compare
    raise exc.ArgumentError(
sqlalchemy.exc.ArgumentError: Only '=', '!=', 'is_()', 'is_not()', 'is_distinct_from()', 'is_not_distinct_from()' operators can be used with None/True/False
2024-10-23 00:30:36,801 WARNING Error fetching tasks: /home/frank/eazy_manage_backend/api/v1/routes/tasks.py 61
Traceback (most recent call last):
  File "/home/frank/eazy_manage_backend/api/v1/routes/tasks.py", line 40, in get_tasks
    and_(Tasks.started >= from_date, Tasks.started <= to_date)
  File "/home/frank/.local/lib/python3.10/site-packages/sqlalchemy/sql/operators.py", line 637, in __ge__
    return self.operate(ge, other)
  File "/home/frank/.local/lib/python3.10/site-packages/sqlalchemy/orm/attributes.py", line 453, in operate
    return op(self.comparator, *other, **kwargs)  # type: ignore[no-any-return]  # noqa: E501
  File "/home/frank/.local/lib/python3.10/site-packages/sqlalchemy/sql/operators.py", line 637, in __ge__
    return self.operate(ge, other)
  File "/home/frank/.local/lib/python3.10/site-packages/sqlalchemy/orm/properties.py", line 478, in operate
    return op(self.__clause_element__(), *other, **kwargs)  # type: ignore[no-any-return]  # noqa: E501
  File "/home/frank/.local/lib/python3.10/site-packages/sqlalchemy/sql/operators.py", line 637, in __ge__
    return self.operate(ge, other)
  File "/home/frank/.local/lib/python3.10/site-packages/sqlalchemy/sql/elements.py", line 1511, in operate
    return op(self.comparator, *other, **kwargs)  # type: ignore[no-any-return]  # noqa: E501
  File "/home/frank/.local/lib/python3.10/site-packages/sqlalchemy/sql/operators.py", line 637, in __ge__
    return self.operate(ge, other)
  File "/home/frank/.local/lib/python3.10/site-packages/sqlalchemy/sql/type_api.py", line 194, in operate
    return op_fn(self.expr, op, *other, **addtl_kw)
  File "/home/frank/.local/lib/python3.10/site-packages/sqlalchemy/sql/default_comparator.py", line 115, in _boolean_compare
    raise exc.ArgumentError(
sqlalchemy.exc.ArgumentError: Only '=', '!=', 'is_()', 'is_not()', 'is_distinct_from()', 'is_not_distinct_from()' operators can be used with None/True/False
2024-10-23 00:31:44,903 WARNING Error fetching tasks: /home/frank/eazy_manage_backend/api/v1/routes/tasks.py 61
Traceback (most recent call last):
  File "/home/frank/eazy_manage_backend/api/v1/routes/tasks.py", line 40, in get_tasks
    and_(Tasks.started >= from_date, Tasks.started <= to_date)
  File "/home/frank/.local/lib/python3.10/site-packages/sqlalchemy/sql/operators.py", line 637, in __ge__
    return self.operate(ge, other)
  File "/home/frank/.local/lib/python3.10/site-packages/sqlalchemy/orm/attributes.py", line 453, in operate
    return op(self.comparator, *other, **kwargs)  # type: ignore[no-any-return]  # noqa: E501
  File "/home/frank/.local/lib/python3.10/site-packages/sqlalchemy/sql/operators.py", line 637, in __ge__
    return self.operate(ge, other)
  File "/home/frank/.local/lib/python3.10/site-packages/sqlalchemy/orm/properties.py", line 478, in operate
    return op(self.__clause_element__(), *other, **kwargs)  # type: ignore[no-any-return]  # noqa: E501
  File "/home/frank/.local/lib/python3.10/site-packages/sqlalchemy/sql/operators.py", line 637, in __ge__
    return self.operate(ge, other)
  File "/home/frank/.local/lib/python3.10/site-packages/sqlalchemy/sql/elements.py", line 1511, in operate
    return op(self.comparator, *other, **kwargs)  # type: ignore[no-any-return]  # noqa: E501
  File "/home/frank/.local/lib/python3.10/site-packages/sqlalchemy/sql/operators.py", line 637, in __ge__
    return self.operate(ge, other)
  File "/home/frank/.local/lib/python3.10/site-packages/sqlalchemy/sql/type_api.py", line 194, in operate
    return op_fn(self.expr, op, *other, **addtl_kw)
  File "/home/frank/.local/lib/python3.10/site-packages/sqlalchemy/sql/default_comparator.py", line 115, in _boolean_compare
    raise exc.ArgumentError(
sqlalchemy.exc.ArgumentError: Only '=', '!=', 'is_()', 'is_not()', 'is_distinct_from()', 'is_not_distinct_from()' operators can be used with None/True/False
2024-10-23 00:31:47,587 WARNING Error fetching tasks: /home/frank/eazy_manage_backend/api/v1/routes/tasks.py 61
Traceback (most recent call last):
  File "/home/frank/eazy_manage_backend/api/v1/routes/tasks.py", line 40, in get_tasks
    and_(Tasks.started >= from_date, Tasks.started <= to_date)
  File "/home/frank/.local/lib/python3.10/site-packages/sqlalchemy/sql/operators.py", line 637, in __ge__
    return self.operate(ge, other)
  File "/home/frank/.local/lib/python3.10/site-packages/sqlalchemy/orm/attributes.py", line 453, in operate
    return op(self.comparator, *other, **kwargs)  # type: ignore[no-any-return]  # noqa: E501
  File "/home/frank/.local/lib/python3.10/site-packages/sqlalchemy/sql/operators.py", line 637, in __ge__
    return self.operate(ge, other)
  File "/home/frank/.local/lib/python3.10/site-packages/sqlalchemy/orm/properties.py", line 478, in operate
    return op(self.__clause_element__(), *other, **kwargs)  # type: ignore[no-any-return]  # noqa: E501
  File "/home/frank/.local/lib/python3.10/site-packages/sqlalchemy/sql/operators.py", line 637, in __ge__
    return self.operate(ge, other)
  File "/home/frank/.local/lib/python3.10/site-packages/sqlalchemy/sql/elements.py", line 1511, in operate
    return op(self.comparator, *other, **kwargs)  # type: ignore[no-any-return]  # noqa: E501
  File "/home/frank/.local/lib/python3.10/site-packages/sqlalchemy/sql/operators.py", line 637, in __ge__
    return self.operate(ge, other)
  File "/home/frank/.local/lib/python3.10/site-packages/sqlalchemy/sql/type_api.py", line 194, in operate
    return op_fn(self.expr, op, *other, **addtl_kw)
  File "/home/frank/.local/lib/python3.10/site-packages/sqlalchemy/sql/default_comparator.py", line 115, in _boolean_compare
    raise exc.ArgumentError(
sqlalchemy.exc.ArgumentError: Only '=', '!=', 'is_()', 'is_not()', 'is_distinct_from()', 'is_not_distinct_from()' operators can be used with None/True/False
